2020-10-31 13:49:09: info  - Using external babel configuration from /Users/fan/WebstormProjects/my-github/.babelrc
2020-10-31 13:49:12: info  - Using external babel configuration from /Users/fan/WebstormProjects/my-github/.babelrc
2020-10-31 13:49:15: info  - Using external babel configuration from /Users/fan/WebstormProjects/my-github/.babelrc
2020-10-31 13:49:19: info  - Using external babel configuration from /Users/fan/WebstormProjects/my-github/.babelrc
2020-10-31 13:49:22: info  - Using external babel configuration from /Users/fan/WebstormProjects/my-github/.babelrc
2020-10-31 13:49:26: info  - Using external babel configuration from /Users/fan/WebstormProjects/my-github/.babelrc
2020-10-31 13:49:29: info  - Using external babel configuration from /Users/fan/WebstormProjects/my-github/.babelrc
2020-10-31 13:49:33: info  - Using external babel configuration from /Users/fan/WebstormProjects/my-github/.babelrc
2020-10-31 13:49:36: info  - Using external babel configuration from /Users/fan/WebstormProjects/my-github/.babelrc
2020-10-31 13:49:39: info  - Using external babel configuration from /Users/fan/WebstormProjects/my-github/.babelrc
2020-10-31 13:49:42: info  - Using external babel configuration from /Users/fan/WebstormProjects/my-github/.babelrc
2020-10-31 13:49:45: info  - Using external babel configuration from /Users/fan/WebstormProjects/my-github/.babelrc
2020-10-31 13:49:49: info  - Using external babel configuration from /Users/fan/WebstormProjects/my-github/.babelrc
2020-10-31 13:49:52: info  - Using external babel configuration from /Users/fan/WebstormProjects/my-github/.babelrc
2020-10-31 14:06:58: info  - Using external babel configuration from /Users/fan/WebstormProjects/my-github/.babelrc
2020-10-31 14:07:02: info  - Using external babel configuration from /Users/fan/WebstormProjects/my-github/.babelrc
2020-10-31 14:07:07: info  - Using external babel configuration from /Users/fan/WebstormProjects/my-github/.babelrc
2020-10-31 14:07:11: info  - Using external babel configuration from /Users/fan/WebstormProjects/my-github/.babelrc
2020-10-31 14:07:16: info  - Using external babel configuration from /Users/fan/WebstormProjects/my-github/.babelrc
2020-10-31 14:07:21: info  - Using external babel configuration from /Users/fan/WebstormProjects/my-github/.babelrc
2020-10-31 14:07:26: info  - Using external babel configuration from /Users/fan/WebstormProjects/my-github/.babelrc
2020-10-31 14:07:31: info  - Using external babel configuration from /Users/fan/WebstormProjects/my-github/.babelrc
2020-10-31 14:07:37: info  - Using external babel configuration from /Users/fan/WebstormProjects/my-github/.babelrc
2020-10-31 14:07:43: info  - Using external babel configuration from /Users/fan/WebstormProjects/my-github/.babelrc
2020-10-31 14:07:48: info  - Using external babel configuration from /Users/fan/WebstormProjects/my-github/.babelrc
2020-10-31 14:07:54: info  - Using external babel configuration from /Users/fan/WebstormProjects/my-github/.babelrc
2020-10-31 14:08:02: info  - Using external babel configuration from /Users/fan/WebstormProjects/my-github/.babelrc
2020-10-31 14:08:10: info  - Using external babel configuration from /Users/fan/WebstormProjects/my-github/.babelrc
2020-10-31 14:08:18: info  - Using external babel configuration from /Users/fan/WebstormProjects/my-github/.babelrc
2020-10-31 14:08:25: info  - Using external babel configuration from /Users/fan/WebstormProjects/my-github/.babelrc
2020-10-31 14:08:28: info  - Using external babel configuration from /Users/fan/WebstormProjects/my-github/.babelrc
2020-10-31 14:08:36: info  - Using external babel configuration from /Users/fan/WebstormProjects/my-github/.babelrc
2020-10-31 14:08:44: info  - Using external babel configuration from /Users/fan/WebstormProjects/my-github/.babelrc
2020-10-31 14:08:52: info  - Using external babel configuration from /Users/fan/WebstormProjects/my-github/.babelrc
2020-10-31 14:09:00: info  - Using external babel configuration from /Users/fan/WebstormProjects/my-github/.babelrc
2020-10-31 14:09:08: info  - Using external babel configuration from /Users/fan/WebstormProjects/my-github/.babelrc
2020-10-31 14:09:16: info  - Using external babel configuration from /Users/fan/WebstormProjects/my-github/.babelrc
2020-10-31 14:09:21: info  - Using external babel configuration from /Users/fan/WebstormProjects/my-github/.babelrc
2020-10-31 14:09:26: info  - Using external babel configuration from /Users/fan/WebstormProjects/my-github/.babelrc
2020-10-31 14:09:33: info  - Using external babel configuration from /Users/fan/WebstormProjects/my-github/.babelrc
2020-10-31 14:09:39: info  - Using external babel configuration from /Users/fan/WebstormProjects/my-github/.babelrc
2020-10-31 14:09:47: info  - Using external babel configuration from /Users/fan/WebstormProjects/my-github/.babelrc
2020-10-31 14:09:54: info  - Using external babel configuration from /Users/fan/WebstormProjects/my-github/.babelrc
2020-10-31 14:10:01: info  - Using external babel configuration from /Users/fan/WebstormProjects/my-github/.babelrc
2020-10-31 14:10:09: info  - Using external babel configuration from /Users/fan/WebstormProjects/my-github/.babelrc
2020-10-31 14:10:16: info  - Using external babel configuration from /Users/fan/WebstormProjects/my-github/.babelrc
2020-10-31 14:10:23: info  - Using external babel configuration from /Users/fan/WebstormProjects/my-github/.babelrc
2020-10-31 14:10:32: info  - Using external babel configuration from /Users/fan/WebstormProjects/my-github/.babelrc
2020-10-31 14:10:39: info  - Using external babel configuration from /Users/fan/WebstormProjects/my-github/.babelrc
2020-10-31 14:10:46: info  - Using external babel configuration from /Users/fan/WebstormProjects/my-github/.babelrc
2020-10-31 14:10:48: info  - Using external babel configuration from /Users/fan/WebstormProjects/my-github/.babelrc
2020-10-31 14:10:55: info  - Using external babel configuration from /Users/fan/WebstormProjects/my-github/.babelrc
2020-10-31 14:11:02: info  - Using external babel configuration from /Users/fan/WebstormProjects/my-github/.babelrc
2020-10-31 14:11:09: info  - Using external babel configuration from /Users/fan/WebstormProjects/my-github/.babelrc
2020-10-31 14:11:16: info  - Using external babel configuration from /Users/fan/WebstormProjects/my-github/.babelrc
2020-10-31 14:11:23: info  - Using external babel configuration from /Users/fan/WebstormProjects/my-github/.babelrc
2020-10-31 14:11:30: info  - Using external babel configuration from /Users/fan/WebstormProjects/my-github/.babelrc
2020-10-31 14:11:37: info  - Using external babel configuration from /Users/fan/WebstormProjects/my-github/.babelrc
2020-10-31 14:11:45: info  - Using external babel configuration from /Users/fan/WebstormProjects/my-github/.babelrc
2020-10-31 14:11:51: info  - Using external babel configuration from /Users/fan/WebstormProjects/my-github/.babelrc
2020-10-31 14:12:38: info  - Using external babel configuration from /Users/fan/WebstormProjects/my-github/.babelrc
2020-10-31 14:12:43: info  - Using external babel configuration from /Users/fan/WebstormProjects/my-github/.babelrc
2020-10-31 14:12:50: info  - Using external babel configuration from /Users/fan/WebstormProjects/my-github/.babelrc
2020-10-31 14:12:57: info  - Using external babel configuration from /Users/fan/WebstormProjects/my-github/.babelrc
2020-10-31 14:13:04: info  - Using external babel configuration from /Users/fan/WebstormProjects/my-github/.babelrc
2020-10-31 14:13:12: info  - Using external babel configuration from /Users/fan/WebstormProjects/my-github/.babelrc
2020-10-31 14:13:33: info  - Using external babel configuration from /Users/fan/WebstormProjects/my-github/.babelrc
2020-10-31 14:13:40: info  - Using external babel configuration from /Users/fan/WebstormProjects/my-github/.babelrc
2020-10-31 14:13:43: info  - Using external babel configuration from /Users/fan/WebstormProjects/my-github/.babelrc
2020-10-31 14:13:45: info  - Using external babel configuration from /Users/fan/WebstormProjects/my-github/.babelrc
2020-10-31 14:13:48: info  - Using external babel configuration from /Users/fan/WebstormProjects/my-github/.babelrc
2020-10-31 14:13:51: info  - Using external babel configuration from /Users/fan/WebstormProjects/my-github/.babelrc
2020-10-31 14:13:53: info  - Using external babel configuration from /Users/fan/WebstormProjects/my-github/.babelrc
2020-10-31 14:13:56: info  - Using external babel configuration from /Users/fan/WebstormProjects/my-github/.babelrc
2020-10-31 14:13:58: info  - Using external babel configuration from /Users/fan/WebstormProjects/my-github/.babelrc
2020-10-31 14:14:01: info  - Using external babel configuration from /Users/fan/WebstormProjects/my-github/.babelrc
2020-10-31 14:14:04: info  - Using external babel configuration from /Users/fan/WebstormProjects/my-github/.babelrc
2020-10-31 14:14:06: info  - Using external babel configuration from /Users/fan/WebstormProjects/my-github/.babelrc
2020-10-31 14:14:09: info  - Using external babel configuration from /Users/fan/WebstormProjects/my-github/.babelrc
2020-10-31 14:14:12: info  - Using external babel configuration from /Users/fan/WebstormProjects/my-github/.babelrc
2020-10-31 14:14:15: info  - Using external babel configuration from /Users/fan/WebstormProjects/my-github/.babelrc
2020-10-31 14:14:18: info  - Using external babel configuration from /Users/fan/WebstormProjects/my-github/.babelrc
2020-10-31 14:14:20: info  - Using external babel configuration from /Users/fan/WebstormProjects/my-github/.babelrc
2020-10-31 14:14:23: info  - Using external babel configuration from /Users/fan/WebstormProjects/my-github/.babelrc
2020-10-31 14:14:26: info  - Using external babel configuration from /Users/fan/WebstormProjects/my-github/.babelrc
2020-10-31 14:14:28: info  - Using external babel configuration from /Users/fan/WebstormProjects/my-github/.babelrc
2020-10-31 14:14:31: info  - Using external babel configuration from /Users/fan/WebstormProjects/my-github/.babelrc
2020-10-31 14:14:34: info  - Using external babel configuration from /Users/fan/WebstormProjects/my-github/.babelrc
2020-10-31 14:14:37: info  - Using external babel configuration from /Users/fan/WebstormProjects/my-github/.babelrc
2020-10-31 14:14:39: info  - Using external babel configuration from /Users/fan/WebstormProjects/my-github/.babelrc
2020-10-31 14:14:42: info  - Using external babel configuration from /Users/fan/WebstormProjects/my-github/.babelrc
2020-10-31 14:14:45: info  - Using external babel configuration from /Users/fan/WebstormProjects/my-github/.babelrc
2020-10-31 14:14:48: info  - Using external babel configuration from /Users/fan/WebstormProjects/my-github/.babelrc
2020-10-31 14:14:51: info  - Using external babel configuration from /Users/fan/WebstormProjects/my-github/.babelrc
2020-10-31 14:14:53: info  - Using external babel configuration from /Users/fan/WebstormProjects/my-github/.babelrc
2020-10-31 14:14:57: info  - Using external babel configuration from /Users/fan/WebstormProjects/my-github/.babelrc
2020-10-31 14:15:00: info  - Using external babel configuration from /Users/fan/WebstormProjects/my-github/.babelrc
2020-10-31 14:15:03: info  - Using external babel configuration from /Users/fan/WebstormProjects/my-github/.babelrc
2020-10-31 14:15:06: info  - Using external babel configuration from /Users/fan/WebstormProjects/my-github/.babelrc
2020-10-31 14:15:09: info  - Using external babel configuration from /Users/fan/WebstormProjects/my-github/.babelrc
2020-10-31 14:15:13: info  - Using external babel configuration from /Users/fan/WebstormProjects/my-github/.babelrc
2020-10-31 14:15:16: info  - Using external babel configuration from /Users/fan/WebstormProjects/my-github/.babelrc
2020-10-31 14:15:19: info  - Using external babel configuration from /Users/fan/WebstormProjects/my-github/.babelrc
2020-10-31 14:15:22: info  - Using external babel configuration from /Users/fan/WebstormProjects/my-github/.babelrc
2020-10-31 14:15:26: info  - Using external babel configuration from /Users/fan/WebstormProjects/my-github/.babelrc
2020-10-31 14:15:29: info  - Using external babel configuration from /Users/fan/WebstormProjects/my-github/.babelrc
2020-10-31 14:15:32: info  - Using external babel configuration from /Users/fan/WebstormProjects/my-github/.babelrc
2020-10-31 14:15:37: info  - Using external babel configuration from /Users/fan/WebstormProjects/my-github/.babelrc
2020-10-31 14:15:41: info  - Using external babel configuration from /Users/fan/WebstormProjects/my-github/.babelrc
2020-10-31 14:15:45: info  - Using external babel configuration from /Users/fan/WebstormProjects/my-github/.babelrc
2020-10-31 14:15:50: info  - Using external babel configuration from /Users/fan/WebstormProjects/my-github/.babelrc
2020-10-31 14:15:54: info  - Using external babel configuration from /Users/fan/WebstormProjects/my-github/.babelrc
2020-10-31 14:15:58: info  - Using external babel configuration from /Users/fan/WebstormProjects/my-github/.babelrc
2020-10-31 14:16:03: info  - Using external babel configuration from /Users/fan/WebstormProjects/my-github/.babelrc
2020-10-31 14:16:07: info  - Using external babel configuration from /Users/fan/WebstormProjects/my-github/.babelrc
2020-10-31 14:16:11: info  - Using external babel configuration from /Users/fan/WebstormProjects/my-github/.babelrc
2020-10-31 14:16:16: info  - Using external babel configuration from /Users/fan/WebstormProjects/my-github/.babelrc
2020-10-31 14:16:20: info  - Using external babel configuration from /Users/fan/WebstormProjects/my-github/.babelrc
2020-10-31 14:16:24: info  - Using external babel configuration from /Users/fan/WebstormProjects/my-github/.babelrc
2020-10-31 14:16:28: info  - Using external babel configuration from /Users/fan/WebstormProjects/my-github/.babelrc
2020-10-31 14:18:13: info  - Using external babel configuration from /Users/fan/WebstormProjects/my-github/.babelrc
2020-10-31 14:18:16: info  - Using external babel configuration from /Users/fan/WebstormProjects/my-github/.babelrc
2020-10-31 14:18:19: info  - Using external babel configuration from /Users/fan/WebstormProjects/my-github/.babelrc
2020-10-31 14:18:22: info  - Using external babel configuration from /Users/fan/WebstormProjects/my-github/.babelrc
2020-10-31 14:18:25: info  - Using external babel configuration from /Users/fan/WebstormProjects/my-github/.babelrc
2020-10-31 14:18:28: info  - Using external babel configuration from /Users/fan/WebstormProjects/my-github/.babelrc
2020-10-31 14:18:31: info  - Using external babel configuration from /Users/fan/WebstormProjects/my-github/.babelrc
2020-10-31 14:18:34: info  - Using external babel configuration from /Users/fan/WebstormProjects/my-github/.babelrc
2020-10-31 14:18:37: info  - Using external babel configuration from /Users/fan/WebstormProjects/my-github/.babelrc
2020-10-31 14:18:40: info  - Using external babel configuration from /Users/fan/WebstormProjects/my-github/.babelrc
2020-10-31 14:18:43: info  - Using external babel configuration from /Users/fan/WebstormProjects/my-github/.babelrc
2020-10-31 14:18:47: info  - Using external babel configuration from /Users/fan/WebstormProjects/my-github/.babelrc
2020-10-31 14:18:50: info  - Using external babel configuration from /Users/fan/WebstormProjects/my-github/.babelrc
2020-10-31 14:18:53: info  - Using external babel configuration from /Users/fan/WebstormProjects/my-github/.babelrc
2020-10-31 14:18:56: info  - Using external babel configuration from /Users/fan/WebstormProjects/my-github/.babelrc
2020-10-31 14:19:00: info  - Using external babel configuration from /Users/fan/WebstormProjects/my-github/.babelrc
2020-10-31 14:19:03: info  - Using external babel configuration from /Users/fan/WebstormProjects/my-github/.babelrc
2020-10-31 14:19:06: info  - Using external babel configuration from /Users/fan/WebstormProjects/my-github/.babelrc
2020-10-31 14:19:09: info  - Using external babel configuration from /Users/fan/WebstormProjects/my-github/.babelrc
2020-10-31 14:19:12: info  - Using external babel configuration from /Users/fan/WebstormProjects/my-github/.babelrc
2020-10-31 14:19:16: info  - Using external babel configuration from /Users/fan/WebstormProjects/my-github/.babelrc
2020-10-31 14:19:19: info  - Using external babel configuration from /Users/fan/WebstormProjects/my-github/.babelrc
2020-10-31 14:19:23: info  - Using external babel configuration from /Users/fan/WebstormProjects/my-github/.babelrc
2020-10-31 14:19:26: info  - Using external babel configuration from /Users/fan/WebstormProjects/my-github/.babelrc
2020-10-31 14:19:31: info  - Using external babel configuration from /Users/fan/WebstormProjects/my-github/.babelrc
2020-10-31 14:19:36: info  - Using external babel configuration from /Users/fan/WebstormProjects/my-github/.babelrc
2020-10-31 14:19:40: info  - Using external babel configuration from /Users/fan/WebstormProjects/my-github/.babelrc
2020-10-31 14:19:44: info  - Using external babel configuration from /Users/fan/WebstormProjects/my-github/.babelrc
2020-10-31 14:19:49: info  - Using external babel configuration from /Users/fan/WebstormProjects/my-github/.babelrc
2020-10-31 14:19:53: info  - Using external babel configuration from /Users/fan/WebstormProjects/my-github/.babelrc
2020-10-31 14:19:57: info  - Using external babel configuration from /Users/fan/WebstormProjects/my-github/.babelrc
2020-10-31 14:20:01: info  - Using external babel configuration from /Users/fan/WebstormProjects/my-github/.babelrc
2020-10-31 14:38:59: info  - Using external babel configuration from /Users/fan/WebstormProjects/my-github/.babelrc
2020-10-31 14:39:06: info  - Using external babel configuration from /Users/fan/WebstormProjects/my-github/.babelrc
2020-10-31 14:39:13: info  - Using external babel configuration from /Users/fan/WebstormProjects/my-github/.babelrc
2020-10-31 14:39:21: info  - Using external babel configuration from /Users/fan/WebstormProjects/my-github/.babelrc
2020-10-31 14:45:27: 
2020-10-31 14:45:27: > my-github@0.1.0 start /Users/fan/WebstormProjects/my-github
2020-10-31 14:45:27: > NODE_ENV=production node server.js
2020-10-31 14:45:27: 
2020-10-31 14:45:29: 
2020-10-31 14:45:29: > my-github@0.1.0 start /Users/fan/WebstormProjects/my-github
2020-10-31 14:45:29: > NODE_ENV=production node server.js
2020-10-31 14:45:29: 
2020-10-31 14:45:30: info  - Using external babel configuration from /Users/fan/WebstormProjects/my-github/.babelrc
2020-10-31 14:45:35: 
2020-10-31 14:45:35: > my-github@0.1.0 start /Users/fan/WebstormProjects/my-github
2020-10-31 14:45:35: > NODE_ENV=production node server.js
2020-10-31 14:45:35: 
2020-10-31 14:45:37: 
2020-10-31 14:45:37: > my-github@0.1.0 start /Users/fan/WebstormProjects/my-github
2020-10-31 14:45:37: > NODE_ENV=production node server.js
2020-10-31 14:45:37: 
2020-10-31 14:45:39: info  - Using external babel configuration from /Users/fan/WebstormProjects/my-github/.babelrc
2020-10-31 14:45:43: 
2020-10-31 14:45:43: > my-github@0.1.0 start /Users/fan/WebstormProjects/my-github
2020-10-31 14:45:43: > NODE_ENV=production node server.js
2020-10-31 14:45:43: 
2020-10-31 14:45:46: 
2020-10-31 14:45:46: > my-github@0.1.0 start /Users/fan/WebstormProjects/my-github
2020-10-31 14:45:46: > NODE_ENV=production node server.js
2020-10-31 14:45:46: 
2020-10-31 14:45:47: info  - Using external babel configuration from /Users/fan/WebstormProjects/my-github/.babelrc
2020-10-31 14:45:52: 
2020-10-31 14:45:52: > my-github@0.1.0 start /Users/fan/WebstormProjects/my-github
2020-10-31 14:45:52: > NODE_ENV=production node server.js
2020-10-31 14:45:52: 
2020-10-31 14:45:54: 
2020-10-31 14:45:54: > my-github@0.1.0 start /Users/fan/WebstormProjects/my-github
2020-10-31 14:45:54: > NODE_ENV=production node server.js
2020-10-31 14:45:54: 
2020-10-31 14:45:56: info  - Using external babel configuration from /Users/fan/WebstormProjects/my-github/.babelrc
2020-10-31 14:46:01: 
2020-10-31 14:46:01: > my-github@0.1.0 start /Users/fan/WebstormProjects/my-github
2020-10-31 14:46:01: > NODE_ENV=production node server.js
2020-10-31 14:46:01: 
2020-10-31 14:46:03: 
2020-10-31 14:46:03: > my-github@0.1.0 start /Users/fan/WebstormProjects/my-github
2020-10-31 14:46:03: > NODE_ENV=production node server.js
2020-10-31 14:46:03: 
2020-10-31 14:46:04: info  - Using external babel configuration from /Users/fan/WebstormProjects/my-github/.babelrc
2020-10-31 14:46:08: 
2020-10-31 14:46:08: > my-github@0.1.0 start /Users/fan/WebstormProjects/my-github
2020-10-31 14:46:08: > NODE_ENV=production node server.js
2020-10-31 14:46:08: 
2020-10-31 14:46:10: 
2020-10-31 14:46:10: > my-github@0.1.0 start /Users/fan/WebstormProjects/my-github
2020-10-31 14:46:10: > NODE_ENV=production node server.js
2020-10-31 14:46:10: 
2020-10-31 14:46:12: info  - Using external babel configuration from /Users/fan/WebstormProjects/my-github/.babelrc
2020-10-31 14:46:16: 
2020-10-31 14:46:16: > my-github@0.1.0 start /Users/fan/WebstormProjects/my-github
2020-10-31 14:46:16: > NODE_ENV=production node server.js
2020-10-31 14:46:16: 
2020-10-31 14:46:18: 
2020-10-31 14:46:18: > my-github@0.1.0 start /Users/fan/WebstormProjects/my-github
2020-10-31 14:46:18: > NODE_ENV=production node server.js
2020-10-31 14:46:18: 
2020-10-31 14:46:20: info  - Using external babel configuration from /Users/fan/WebstormProjects/my-github/.babelrc
2020-10-31 14:46:24: 
2020-10-31 14:46:24: > my-github@0.1.0 start /Users/fan/WebstormProjects/my-github
2020-10-31 14:46:24: > NODE_ENV=production node server.js
2020-10-31 14:46:24: 
2020-10-31 14:46:26: 
2020-10-31 14:46:26: > my-github@0.1.0 start /Users/fan/WebstormProjects/my-github
2020-10-31 14:46:26: > NODE_ENV=production node server.js
2020-10-31 14:46:26: 
2020-10-31 14:46:28: info  - Using external babel configuration from /Users/fan/WebstormProjects/my-github/.babelrc
2020-10-31 14:46:32: 
2020-10-31 14:46:32: > my-github@0.1.0 start /Users/fan/WebstormProjects/my-github
2020-10-31 14:46:32: > NODE_ENV=production node server.js
2020-10-31 14:46:32: 
2020-10-31 14:46:34: 
2020-10-31 14:46:34: > my-github@0.1.0 start /Users/fan/WebstormProjects/my-github
2020-10-31 14:46:34: > NODE_ENV=production node server.js
2020-10-31 14:46:34: 
2020-10-31 14:46:36: info  - Using external babel configuration from /Users/fan/WebstormProjects/my-github/.babelrc
2020-10-31 14:46:40: 
2020-10-31 14:46:40: > my-github@0.1.0 start /Users/fan/WebstormProjects/my-github
2020-10-31 14:46:40: > NODE_ENV=production node server.js
2020-10-31 14:46:40: 
2020-10-31 14:46:42: 
2020-10-31 14:46:42: > my-github@0.1.0 start /Users/fan/WebstormProjects/my-github
2020-10-31 14:46:42: > NODE_ENV=production node server.js
2020-10-31 14:46:42: 
2020-10-31 14:46:43: info  - Using external babel configuration from /Users/fan/WebstormProjects/my-github/.babelrc
2020-10-31 14:46:48: 
2020-10-31 14:46:48: > my-github@0.1.0 start /Users/fan/WebstormProjects/my-github
2020-10-31 14:46:48: > NODE_ENV=production node server.js
2020-10-31 14:46:48: 
2020-10-31 14:46:50: 
2020-10-31 14:46:50: > my-github@0.1.0 start /Users/fan/WebstormProjects/my-github
2020-10-31 14:46:50: > NODE_ENV=production node server.js
2020-10-31 14:46:50: 
2020-10-31 14:46:52: info  - Using external babel configuration from /Users/fan/WebstormProjects/my-github/.babelrc
2020-10-31 14:46:57: 
2020-10-31 14:46:57: > my-github@0.1.0 start /Users/fan/WebstormProjects/my-github
2020-10-31 14:46:57: > NODE_ENV=production node server.js
2020-10-31 14:46:57: 
2020-10-31 14:46:59: 
2020-10-31 14:46:59: > my-github@0.1.0 start /Users/fan/WebstormProjects/my-github
2020-10-31 14:46:59: > NODE_ENV=production node server.js
2020-10-31 14:46:59: 
2020-10-31 14:47:00: info  - Using external babel configuration from /Users/fan/WebstormProjects/my-github/.babelrc
2020-10-31 14:47:05: 
2020-10-31 14:47:05: > my-github@0.1.0 start /Users/fan/WebstormProjects/my-github
2020-10-31 14:47:05: > NODE_ENV=production node server.js
2020-10-31 14:47:05: 
2020-10-31 14:47:07: 
2020-10-31 14:47:07: > my-github@0.1.0 start /Users/fan/WebstormProjects/my-github
2020-10-31 14:47:07: > NODE_ENV=production node server.js
2020-10-31 14:47:07: 
2020-10-31 14:47:09: info  - Using external babel configuration from /Users/fan/WebstormProjects/my-github/.babelrc
2020-10-31 14:47:14: 
2020-10-31 14:47:14: > my-github@0.1.0 start /Users/fan/WebstormProjects/my-github
2020-10-31 14:47:14: > NODE_ENV=production node server.js
2020-10-31 14:47:14: 
2020-10-31 14:47:16: 
2020-10-31 14:47:16: > my-github@0.1.0 start /Users/fan/WebstormProjects/my-github
2020-10-31 14:47:16: > NODE_ENV=production node server.js
2020-10-31 14:47:16: 
2020-10-31 14:47:17: info  - Using external babel configuration from /Users/fan/WebstormProjects/my-github/.babelrc
2020-10-31 14:47:22: 
2020-10-31 14:47:22: > my-github@0.1.0 start /Users/fan/WebstormProjects/my-github
2020-10-31 14:47:22: > NODE_ENV=production node server.js
2020-10-31 14:47:22: 
2020-10-31 14:51:05: 
> my-github@0.1.0 start /Users/fan/WebstormProjects/my-github
> NODE_ENV=production node server.js

2020-10-31 14:51:11: 2020-10-31 14:51:11: 
> my-github@0.1.0 start /Users/fan/WebstormProjects/my-github
> NODE_ENV=production node server.js

2020-10-31 14:51:13: 2020-10-31 14:51:13: 
> my-github@0.1.0 start /Users/fan/WebstormProjects/my-github
> NODE_ENV=production node server.js

2020-10-31 14:51:18: 2020-10-31 14:51:19: 
> my-github@0.1.0 start /Users/fan/WebstormProjects/my-github
> NODE_ENV=production node server.js

2020-10-31 14:51:20: 2020-10-31 14:51:21: 
> my-github@0.1.0 start /Users/fan/WebstormProjects/my-github
> NODE_ENV=production node server.js

2020-10-31 14:51:26: 2020-10-31 14:51:26: 
> my-github@0.1.0 start /Users/fan/WebstormProjects/my-github
> NODE_ENV=production node server.js

2020-10-31 14:51:28: 2020-10-31 14:51:28: 
> my-github@0.1.0 start /Users/fan/WebstormProjects/my-github
> NODE_ENV=production node server.js

2020-10-31 14:51:33: 2020-10-31 14:51:33: 
> my-github@0.1.0 start /Users/fan/WebstormProjects/my-github
> NODE_ENV=production node server.js

2020-10-31 14:51:35: 2020-10-31 14:51:35: 
> my-github@0.1.0 start /Users/fan/WebstormProjects/my-github
> NODE_ENV=production node server.js

2020-10-31 14:51:41: 2020-10-31 14:51:41: 
> my-github@0.1.0 start /Users/fan/WebstormProjects/my-github
> NODE_ENV=production node server.js

2020-10-31 14:51:43: 2020-10-31 14:51:43: 
> my-github@0.1.0 start /Users/fan/WebstormProjects/my-github
> NODE_ENV=production node server.js

2020-10-31 14:51:49: 2020-10-31 14:51:49: 
> my-github@0.1.0 start /Users/fan/WebstormProjects/my-github
> NODE_ENV=production node server.js

2020-10-31 14:51:51: 2020-10-31 14:51:51: 
> my-github@0.1.0 start /Users/fan/WebstormProjects/my-github
> NODE_ENV=production node server.js

2020-10-31 14:51:57: 2020-10-31 14:51:57: 
> my-github@0.1.0 start /Users/fan/WebstormProjects/my-github
> NODE_ENV=production node server.js

2020-10-31 14:51:58: 2020-10-31 14:51:59: 
> my-github@0.1.0 start /Users/fan/WebstormProjects/my-github
> NODE_ENV=production node server.js

2020-10-31 14:52:04: 2020-10-31 14:52:05: 
> my-github@0.1.0 start /Users/fan/WebstormProjects/my-github
> NODE_ENV=production node server.js

2020-10-31 14:52:06: 2020-10-31 14:52:07: 
> my-github@0.1.0 start /Users/fan/WebstormProjects/my-github
> NODE_ENV=production node server.js

2020-10-31 14:52:12: 2020-10-31 14:52:12: 
> my-github@0.1.0 start /Users/fan/WebstormProjects/my-github
> NODE_ENV=production node server.js

2020-10-31 14:52:14: 2020-10-31 14:52:14: 
> my-github@0.1.0 start /Users/fan/WebstormProjects/my-github
> NODE_ENV=production node server.js

2020-10-31 14:52:20: 2020-10-31 14:52:20: 
> my-github@0.1.0 start /Users/fan/WebstormProjects/my-github
> NODE_ENV=production node server.js

2020-10-31 15:06:07: 
> my-github@0.1.0 start /Users/fan/WebstormProjects/my-github
> NODE_ENV=production node server.js

2020-10-31 15:06:09: 2020-10-31 15:06:09: 
> my-github@0.1.0 start /Users/fan/WebstormProjects/my-github
> NODE_ENV=production node server.js

2020-10-31 15:06:12: 2020-10-31 15:06:13: 
> my-github@0.1.0 start /Users/fan/WebstormProjects/my-github
> NODE_ENV=production node server.js

2020-10-31 15:06:16: 2020-10-31 15:06:17: 
> my-github@0.1.0 start /Users/fan/WebstormProjects/my-github
> NODE_ENV=production node server.js

2020-10-31 15:06:20: 2020-10-31 15:06:20: 
> my-github@0.1.0 start /Users/fan/WebstormProjects/my-github
> NODE_ENV=production node server.js

2020-10-31 15:06:24: 2020-10-31 15:06:24: 
> my-github@0.1.0 start /Users/fan/WebstormProjects/my-github
> NODE_ENV=production node server.js

2020-10-31 15:06:28: 2020-10-31 15:06:28: 
> my-github@0.1.0 start /Users/fan/WebstormProjects/my-github
> NODE_ENV=production node server.js

2020-10-31 15:06:31: 2020-10-31 15:06:31: 
> my-github@0.1.0 start /Users/fan/WebstormProjects/my-github
> NODE_ENV=production node server.js

2020-10-31 15:06:35: 2020-10-31 15:06:35: 
> my-github@0.1.0 start /Users/fan/WebstormProjects/my-github
> NODE_ENV=production node server.js

2020-10-31 15:06:38: 2020-10-31 15:06:39: 
> my-github@0.1.0 start /Users/fan/WebstormProjects/my-github
> NODE_ENV=production node server.js

2020-10-31 15:06:42: 2020-10-31 15:06:42: 
> my-github@0.1.0 start /Users/fan/WebstormProjects/my-github
> NODE_ENV=production node server.js

2020-10-31 15:06:46: 2020-10-31 15:06:46: 
> my-github@0.1.0 start /Users/fan/WebstormProjects/my-github
> NODE_ENV=production node server.js

2020-10-31 15:06:49: 2020-10-31 15:06:50: 
> my-github@0.1.0 start /Users/fan/WebstormProjects/my-github
> NODE_ENV=production node server.js

2020-10-31 15:06:53: 2020-10-31 15:06:53: 
> my-github@0.1.0 start /Users/fan/WebstormProjects/my-github
> NODE_ENV=production node server.js

2020-10-31 15:06:57: 2020-10-31 15:06:57: 
> my-github@0.1.0 start /Users/fan/WebstormProjects/my-github
> NODE_ENV=production node server.js

2020-10-31 15:07:00: 2020-10-31 15:07:01: 
> my-github@0.1.0 start /Users/fan/WebstormProjects/my-github
> NODE_ENV=production node server.js

2020-10-31 15:07:04: 2020-10-31 15:07:04: 
> my-github@0.1.0 start /Users/fan/WebstormProjects/my-github
> NODE_ENV=production node server.js

2020-10-31 15:07:07: 2020-10-31 15:07:08: 
> my-github@0.1.0 start /Users/fan/WebstormProjects/my-github
> NODE_ENV=production node server.js

2020-10-31 15:07:11: 2020-10-31 15:07:11: 
> my-github@0.1.0 start /Users/fan/WebstormProjects/my-github
> NODE_ENV=production node server.js

2020-10-31 15:07:14: 2020-10-31 15:07:15: 
> my-github@0.1.0 start /Users/fan/WebstormProjects/my-github
> NODE_ENV=production node server.js

2020-10-31 15:07:18: 2020-10-31 15:07:19: 
> my-github@0.1.0 start /Users/fan/WebstormProjects/my-github
> NODE_ENV=production node server.js

2020-10-31 15:07:22: 2020-10-31 15:07:22: 
> my-github@0.1.0 start /Users/fan/WebstormProjects/my-github
> NODE_ENV=production node server.js

2020-10-31 15:07:26: 2020-10-31 15:08:40: 
> my-github@0.1.0 start /Users/fan/WebstormProjects/my-github
> NODE_ENV=production node server.js

2020-10-31 15:08:42: 2020-10-31 15:08:42: 
> my-github@0.1.0 start /Users/fan/WebstormProjects/my-github
> NODE_ENV=production node server.js

2020-10-31 15:08:45: 2020-10-31 15:08:45: 
> my-github@0.1.0 start /Users/fan/WebstormProjects/my-github
> NODE_ENV=production node server.js

2020-10-31 15:08:48: 2020-10-31 15:08:49: 
> my-github@0.1.0 start /Users/fan/WebstormProjects/my-github
> NODE_ENV=production node server.js

2020-10-31 15:08:52: 2020-10-31 15:08:52: 
> my-github@0.1.0 start /Users/fan/WebstormProjects/my-github
> NODE_ENV=production node server.js

2020-10-31 15:08:55: 2020-10-31 15:08:56: 
> my-github@0.1.0 start /Users/fan/WebstormProjects/my-github
> NODE_ENV=production node server.js

2020-10-31 15:08:59: 2020-10-31 15:09:00: 
> my-github@0.1.0 start /Users/fan/WebstormProjects/my-github
> NODE_ENV=production node server.js

2020-10-31 15:09:03: 2020-10-31 15:09:04: 
> my-github@0.1.0 start /Users/fan/WebstormProjects/my-github
> NODE_ENV=production node server.js

2020-10-31 15:09:04: 2020-10-31 15:09:04: 
> my-github@0.1.0 start /Users/fan/WebstormProjects/my-github
> NODE_ENV=production node server.js

2020-10-31 15:09:05: 2020-10-31 15:09:06: 
> my-github@0.1.0 start /Users/fan/WebstormProjects/my-github
> NODE_ENV=production node server.js

2020-10-31 15:09:08: 2020-10-31 15:09:08: 
> my-github@0.1.0 start /Users/fan/WebstormProjects/my-github
> NODE_ENV=production node server.js

2020-10-31 15:09:11: 2020-10-31 15:09:12: 
> my-github@0.1.0 start /Users/fan/WebstormProjects/my-github
> NODE_ENV=production node server.js

2020-10-31 15:09:15: 2020-10-31 15:09:15: 
> my-github@0.1.0 start /Users/fan/WebstormProjects/my-github
> NODE_ENV=production node server.js

2020-10-31 15:09:19: 2020-10-31 15:09:19: 
> my-github@0.1.0 start /Users/fan/WebstormProjects/my-github
> NODE_ENV=production node server.js

2020-10-31 15:09:22: 2020-10-31 15:09:23: 
> my-github@0.1.0 start /Users/fan/WebstormProjects/my-github
> NODE_ENV=production node server.js

2020-10-31 15:09:26: 2020-10-31 15:09:27: 
> my-github@0.1.0 start /Users/fan/WebstormProjects/my-github
> NODE_ENV=production node server.js

2020-10-31 15:09:30: 2020-10-31 15:09:30: 
> my-github@0.1.0 start /Users/fan/WebstormProjects/my-github
> NODE_ENV=production node server.js

2020-10-31 15:09:34: 2020-10-31 15:09:34: 
> my-github@0.1.0 start /Users/fan/WebstormProjects/my-github
> NODE_ENV=production node server.js

2020-10-31 15:09:37: 2020-10-31 15:09:38: 
> my-github@0.1.0 start /Users/fan/WebstormProjects/my-github
> NODE_ENV=production node server.js

2020-10-31 15:09:41: 2020-10-31 15:09:41: 
> my-github@0.1.0 start /Users/fan/WebstormProjects/my-github
> NODE_ENV=production node server.js

2020-10-31 15:09:44: 2020-10-31 15:09:45: 
> my-github@0.1.0 start /Users/fan/WebstormProjects/my-github
> NODE_ENV=production node server.js

2020-10-31 15:09:48: 2020-10-31 15:09:49: 
> my-github@0.1.0 start /Users/fan/WebstormProjects/my-github
> NODE_ENV=production node server.js

2020-10-31 15:09:52: 2020-10-31 15:09:52: 
> my-github@0.1.0 start /Users/fan/WebstormProjects/my-github
> NODE_ENV=production node server.js

2020-10-31 15:09:56: 2020-10-31 15:09:56: 
> my-github@0.1.0 start /Users/fan/WebstormProjects/my-github
> NODE_ENV=production node server.js

2020-10-31 15:09:59: 2020-10-31 15:10:00: 
> my-github@0.1.0 start /Users/fan/WebstormProjects/my-github
> NODE_ENV=production node server.js

2020-10-31 15:10:03: 2020-10-31 15:10:03: 
> my-github@0.1.0 start /Users/fan/WebstormProjects/my-github
> NODE_ENV=production node server.js

2020-10-31 15:10:07: 2020-10-31 15:10:07: 
> my-github@0.1.0 start /Users/fan/WebstormProjects/my-github
> NODE_ENV=production node server.js

2020-10-31 15:10:09: 2020-10-31 15:10:10: 
> my-github@0.1.0 start /Users/fan/WebstormProjects/my-github
> NODE_ENV=production node server.js

2020-10-31 15:10:13: 2020-10-31 15:10:13: 
> my-github@0.1.0 start /Users/fan/WebstormProjects/my-github
> NODE_ENV=production node server.js

2020-10-31 15:10:16: 2020-10-31 15:10:17: 
> my-github@0.1.0 start /Users/fan/WebstormProjects/my-github
> NODE_ENV=production node server.js

2020-10-31 15:10:20: 2020-10-31 15:10:20: 
> my-github@0.1.0 start /Users/fan/WebstormProjects/my-github
> NODE_ENV=production node server.js

2020-10-31 15:10:24: 2020-10-31 15:10:24: 
> my-github@0.1.0 start /Users/fan/WebstormProjects/my-github
> NODE_ENV=production node server.js

2020-10-31 15:10:27: 2020-10-31 15:10:28: 
> my-github@0.1.0 start /Users/fan/WebstormProjects/my-github
> NODE_ENV=production node server.js

2020-10-31 15:10:31: 2020-10-31 15:10:31: 
> my-github@0.1.0 start /Users/fan/WebstormProjects/my-github
> NODE_ENV=production node server.js

2020-10-31 15:10:34: 2020-10-31 15:10:35: 
> my-github@0.1.0 start /Users/fan/WebstormProjects/my-github
> NODE_ENV=production node server.js

2020-10-31 15:10:38: 2020-10-31 15:10:38: 
> my-github@0.1.0 start /Users/fan/WebstormProjects/my-github
> NODE_ENV=production node server.js

2020-10-31 15:10:41: 2020-10-31 15:10:42: 
> my-github@0.1.0 start /Users/fan/WebstormProjects/my-github
> NODE_ENV=production node server.js

2020-10-31 15:10:45: 2020-10-31 15:10:45: 
> my-github@0.1.0 start /Users/fan/WebstormProjects/my-github
> NODE_ENV=production node server.js

2020-10-31 15:10:49: 2020-10-31 15:10:49: 
> my-github@0.1.0 start /Users/fan/WebstormProjects/my-github
> NODE_ENV=production node server.js

2020-10-31 15:10:52: 2020-10-31 15:10:53: 
> my-github@0.1.0 start /Users/fan/WebstormProjects/my-github
> NODE_ENV=production node server.js

2020-10-31 15:10:56: 2020-10-31 15:10:56: 
> my-github@0.1.0 start /Users/fan/WebstormProjects/my-github
> NODE_ENV=production node server.js

2020-10-31 15:11:00: 2020-10-31 15:11:00: 
> my-github@0.1.0 start /Users/fan/WebstormProjects/my-github
> NODE_ENV=production node server.js

2020-10-31 15:11:03: 2020-10-31 15:11:03: 
> my-github@0.1.0 start /Users/fan/WebstormProjects/my-github
> NODE_ENV=production node server.js

2020-10-31 15:11:07: 2020-10-31 15:11:07: 
> my-github@0.1.0 start /Users/fan/WebstormProjects/my-github
> NODE_ENV=production node server.js

2020-10-31 15:11:10: 2020-10-31 15:11:11: 
> my-github@0.1.0 start /Users/fan/WebstormProjects/my-github
> NODE_ENV=production node server.js

2020-10-31 15:11:14: 2020-10-31 15:11:14: 
> my-github@0.1.0 start /Users/fan/WebstormProjects/my-github
> NODE_ENV=production node server.js

2020-10-31 15:11:18: 2020-10-31 15:11:18: 
> my-github@0.1.0 start /Users/fan/WebstormProjects/my-github
> NODE_ENV=production node server.js

2020-10-31 15:11:21: 2020-10-31 15:11:21: 
> my-github@0.1.0 start /Users/fan/WebstormProjects/my-github
> NODE_ENV=production node server.js

2020-10-31 15:11:25: 2020-10-31 15:11:25: 
> my-github@0.1.0 start /Users/fan/WebstormProjects/my-github
> NODE_ENV=production node server.js

2020-10-31 15:11:25: 